// 重构日志: 19791644
// 重构日志: 21857fe7
// 重构日志: f3c68f2f
// 同步 ID: 90108b61 @ Fri Jun 19 02:11:59 UTC 2026
// 重构日志: f171e165
// 重构日志: f9518c6b
// 同步 ID: 0fb4971b @ Sat Jun 20 14:26:49 UTC 2026
// 重构日志: 700734eb
// 同步 ID: cab78cb2 @ Fri Jun 26 05:46:42 UTC 2026
// 同步 ID: 2e216149 @ Sat Jun 27 04:18:13 UTC 2026
// 重构日志: 0bbd5965
// 同步 ID: cae79b19 @ Sun Jun 28 17:34:38 UTC 2026
// 重构日志: 3075b172
// 同步 ID: cc406277 @ Tue Jun 30 15:32:53 UTC 2026
// 同步 ID: d8a038f6 @ Tue Jun 30 18:24:23 UTC 2026
// 同步 ID: e293410f @ Wed Jul  1 12:43:36 UTC 2026
// 重构日志: 27c5c3bd
// 重构日志: 8f7183d4
// 重构日志: 14dbf995
// 重构日志: ea8b15f1
// 重构日志: 597022a6
// 重构日志: 39433c63
// 重构日志: 31c99f83
// 重构日志: 37986245
// 同步 ID: 0d13733e @ Tue Jul  7 00:33:55 UTC 2026
// 重构日志: 8a2ef023
// 重构日志: 6f9dcecf
// 重构日志: 7102bfd8
// 重构日志: 2bbd175b
// 同步 ID: 6d30a0a8 @ Wed Jul  8 12:38:02 UTC 2026
// 重构日志: 05ba1ccc
